[ 2017-01-16T15:24:56+08:00 ] ::1 /maihuowang/index.php/test/test
INFO: [ app_init ] --START--
INFO: Run Behavior\BuildLiteBehavior [ RunTime:0.000011s ]
INFO: [ app_init ] --END-- [ RunTime:0.011369s ]
ERR: 无法加载模块:Test

[ 2017-01-16T15:25:02+08:00 ] ::1 /maihuowang/index.php/Test/test
INFO: [ app_init ] --START--
INFO: Run Behavior\BuildLiteBehavior [ RunTime:0.000007s ]
INFO: [ app_init ] --END-- [ RunTime:0.000270s ]
ERR: 无法加载模块:Test

[ 2017-01-16T15:25:16+08:00 ] ::1 /maihuowang/index.php/index/Test/test
INFO: [ app_init ] --START--
INFO: Run Behavior\BuildLiteBehavior [ RunTime:0.000007s ]
INFO: [ app_init ] --END-- [ RunTime:0.000279s ]
ERR: 无法加载模块:Index

[ 2017-01-16T15:28:11+08:00 ] ::1 /maihuowang/index.php/Test/test
INFO: [ app_init ] --START--
INFO: Run Behavior\BuildLiteBehavior [ RunTime:0.000008s ]
INFO: [ app_init ] --END-- [ RunTime:0.000307s ]
ERR: 无法加载模块:Test

